Billards.obj : error LNK2019: unresolved external symbol __imp_glewInit referenced in function main
Billards.obj : error LNK2019: unresolved external symbol __imp_glewGetErrorString referenced in function main
Billards.obj : error LNK2019: unresolved external symbol __imp_glewGetString referenced in function main
Billards.obj : error LNK2019: unresolved external symbol __imp_glutInitWindowPosition referenced in function main
Billards.obj : error LNK2019: unresolved external symbol __imp_glutInitWindowSize referenced in function main
Billards.obj : error LNK2019: unresolved external symbol __imp_glutInitDisplayMode referenced in function main
Billards.obj : error LNK2019: unresolved external symbol __imp_glutMainLoop referenced in function main
Billards.obj : error LNK2019: unresolved external symbol __imp_glutSwapBuffers referenced in function "void __cdecl display(void)" (?display@@YAXXZ)
Billards.obj : error LNK2019: unresolved external symbol __imp_glutReshapeFunc referenced in function main
Billards.obj : error LNK2019: unresolved external symbol __imp_glutDisplayFunc referenced in function main
Billards.obj : error LNK2019: unresolved external symbol __imp___glutInitWithExit referenced in function glutInit_ATEXIT_HACK
Billards.obj : error LNK2019: unresolved external symbol __imp___glutCreateWindowWithExit referenced in function glutCreateWindow_ATEXIT_HACK
Billards.obj : error LNK2019: unresolved external symbol "public: __cdecl Assimp::Importer::Importer(void)" (??0Importer@Assimp@@QEAA@XZ) referenced in function "private: void __cdecl Model::loadModel(class std::basic_string<char,struct std::char_traits<char>,class std::allocator<char> > const &)" (?loadModel@Model@@AEAAXAEBV?$basic_string@DU?$char_traits@D@std@@V?$allocator@D@2@@std@@@Z)
Billards.obj : error LNK2019: unresolved external symbol "public: __cdecl Assimp::Importer::~Importer(void)" (??1Importer@Assimp@@QEAA@XZ) referenced in function "private: void __cdecl Model::loadModel(class std::basic_string<char,struct std::char_traits<char>,class std::allocator<char> > const &)" (?loadModel@Model@@AEAAXAEBV?$basic_string@DU?$char_traits@D@std@@V?$allocator@D@2@@std@@@Z)
Billards.obj : error LNK2019: unresolved external symbol "public: struct aiScene const * __cdecl Assimp::Importer::ReadFile(char const *,unsigned int)" (?ReadFile@Importer@Assimp@@QEAAPEBUaiScene@@PEBDI@Z) referenced in function "public: struct aiScene const * __cdecl Assimp::Importer::ReadFile(class std::basic_string<char,struct std::char_traits<char>,class std::allocator<char> > const &,unsigned int)" (?ReadFile@Importer@Assimp@@QEAAPEBUaiScene@@AEBV?$basic_string@DU?$char_traits@D@std@@V?$allocator@D@2@@std@@I@Z)
Billards.obj : error LNK2019: unresolved external symbol "public: char const * __cdecl Assimp::Importer::GetErrorString(void)const " (?GetErrorString@Importer@Assimp@@QEBAPEBDXZ) referenced in function "private: void __cdecl Model::loadModel(class std::basic_string<char,struct std::char_traits<char>,class std::allocator<char> > const &)" (?loadModel@Model@@AEAAXAEBV?$basic_string@DU?$char_traits@D@std@@V?$allocator@D@2@@std@@@Z)
Billards.obj : error LNK2019: unresolved external symbol aiGetMaterialTextureCount referenced in function "public: unsigned int __cdecl aiMaterial::GetTextureCount(enum aiTextureType)const " (?GetTextureCount@aiMaterial@@QEBAIW4aiTextureType@@@Z)
Billards.obj : error LNK2019: unresolved external symbol aiGetMaterialTexture referenced in function "public: enum aiReturn __cdecl aiMaterial::GetTexture(enum aiTextureType,unsigned int,struct aiString *,enum aiTextureMapping *,unsigned int *,float *,enum aiTextureOp *,enum aiTextureMapMode *)const " (?GetTexture@aiMaterial@@QEBA?AW4aiReturn@@W4aiTextureType@@IPEAUaiString@@PEAW4aiTextureMapping@@PEAIPEAMPEAW4aiTextureOp@@PEAW4aiTextureMapMode@@@Z)
Billards.obj : error LNK2001: unresolved external symbol __imp___glewActiveTexture
Billards.obj : error LNK2001: unresolved external symbol __imp___glewBindBuffer
Billards.obj : error LNK2001: unresolved external symbol __imp___glewBufferData
Billards.obj : error LNK2001: unresolved external symbol __imp___glewGenBuffers
Billards.obj : error LNK2001: unresolved external symbol __imp___glewAttachShader
Billards.obj : error LNK2001: unresolved external symbol __imp___glewCompileShader
Billards.obj : error LNK2001: unresolved external symbol __imp___glewCreateProgram
Billards.obj : error LNK2001: unresolved external symbol __imp___glewCreateShader
Billards.obj : error LNK2001: unresolved external symbol __imp___glewDeleteShader
Billards.obj : error LNK2001: unresolved external symbol __imp___glewEnableVertexAttribArray
Billards.obj : error LNK2001: unresolved external symbol __imp___glewGetProgramInfoLog
Billards.obj : error LNK2001: unresolved external symbol __imp___glewGetProgramiv
Billards.obj : error LNK2001: unresolved external symbol __imp___glewGetShaderInfoLog
Billards.obj : error LNK2001: unresolved external symbol __imp___glewGetShaderiv
Billards.obj : error LNK2001: unresolved external symbol __imp___glewGetUniformLocation
Billards.obj : error LNK2001: unresolved external symbol __imp___glewLinkProgram
Billards.obj : error LNK2001: unresolved external symbol __imp___glewShaderSource
Billards.obj : error LNK2001: unresolved external symbol __imp___glewUniform1i
Billards.obj : error LNK2001: unresolved external symbol __imp___glewUniformMatrix4fv
Billards.obj : error LNK2001: unresolved external symbol __imp___glewUseProgram
Billards.obj : error LNK2001: unresolved external symbol __imp___glewVertexAttribPointer
Billards.obj : error LNK2001: unresolved external symbol __imp___glewGenerateMipmap
Billards.obj : error LNK2001: unresolved external symbol __imp___glewBindVertexArray
Billards.obj : error LNK2001: unresolved external symbol __imp___glewGenVertexArrays
C:\Users\Avery\Documents\Code\CS552\TermProject\TermProj\lib\freeglut.lib : warning LNK4272: library machine type 'x86' conflicts with target machine type 'x64'
C:\Users\Avery\Documents\Code\CS552\TermProject\x64\Debug\TermProj.exe : fatal error LNK1120: 42 unresolved externals
